
Showing logs for build [32mvicky-socs-address-master-lr2wv-4[0m stage [32mfrom-build-pack[0m and container [32mstep-credential-initializer-zhjsw[0m
{"level":"warn","ts":1583478381.1181655,"logger":"fallback-logger","caller":"logging/config.go:69","msg":"Fetch GitHub commit ID from kodata failed: \"ref: refs/heads/0.8.0-**-support-backwards-incompats\" is not a valid GitHub commit ID"}
{"level":"info","ts":1583478381.1185205,"logger":"fallback-logger","caller":"creds-init/main.go:40","msg":"Credentials initialized."}

Showing logs for build [32mvicky-socs-address-master-lr2wv-4[0m stage [32mfrom-build-pack[0m and container [32mstep-working-dir-initializer-vhdx4[0m
{"level":"warn","ts":1583478381.5295832,"logger":"fallback-logger","caller":"logging/config.go:69","msg":"Fetch GitHub commit ID from kodata failed: open /var/run/ko/HEAD: no such file or directory"}
{"level":"info","ts":1583478381.539225,"logger":"fallback-logger","caller":"bash/main.go:64","msg":"Successfully executed command \"sh -c mkdir -p /workspace/source\"; output "}

Showing logs for build [32mvicky-socs-address-master-lr2wv-4[0m stage [32mfrom-build-pack[0m and container [32mstep-place-tools[0m

Showing logs for build [32mvicky-socs-address-master-lr2wv-4[0m stage [32mfrom-build-pack[0m and container [32mstep-git-source-vicky-socs-address-master-lr2wv-d4xks[0m
{"level":"warn","ts":1583478386.5673304,"logger":"fallback-logger","caller":"logging/config.go:69","msg":"Fetch GitHub commit ID from kodata failed: \"ref: refs/heads/0.8.0-**-support-backwards-incompats\" is not a valid GitHub commit ID"}
{"level":"info","ts":1583478388.6370409,"logger":"fallback-logger","caller":"git/git.go:103","msg":"Successfully cloned https://github.com/vicky-socs/address.git @ v0.0.4 in path /workspace/source"}

Showing logs for build [32mvicky-socs-address-master-lr2wv-4[0m stage [32mfrom-build-pack[0m and container [32mstep-git-merge[0m
Using SHAs from PULL_REFS=master:7c82b64e392a835c4acdeafa0237f64bcca9470a
WARNING: no SHAs to merge, falling back to initial cloned commit

Showing logs for build [32mvicky-socs-address-master-lr2wv-4[0m stage [32mfrom-build-pack[0m and container [32mstep-setup-jx-git-credentials[0m
Generated Git credentials file /workspace/xdg_config/git/credentials

Showing logs for build [32mvicky-socs-address-master-lr2wv-4[0m stage [32mfrom-build-pack[0m and container [32mstep-build-python-unittest[0m

----------------------------------------------------------------------
Ran 0 tests in 0.000s

OK

Showing logs for build [32mvicky-socs-address-master-lr2wv-4[0m stage [32mfrom-build-pack[0m and container [32mstep-build-container-build[0m
[36mINFO[0m[0000] Downloading base image python:3.6-alpine     
2020/03/06 07:06:31 No matching credentials were found, falling back on anonymous
[36mINFO[0m[0002] Error while retrieving image from cache: getting file info: stat /workspace/sha256:546d79a1498f299ed2903d6ba0aceee86a1d5a519c096c807e1b186a8450ece1: no such file or directory 
[36mINFO[0m[0002] Downloading base image python:3.6-alpine     
2020/03/06 07:06:34 No matching credentials were found, falling back on anonymous
[36mINFO[0m[0005] Checking for cached layer 685249416972.dkr.ecr.ap-south-1.amazonaws.com/todo/cache:4cb2e1ef217509d59286ad5771a9760a06b49e923e47cf87c21ee18abb9c0fdd... 
[36mINFO[0m[0005] Using caching version of cmd: RUN ping -c 2 dl-cdn.alpinelinux.org 
[36mINFO[0m[0005] Checking for cached layer 685249416972.dkr.ecr.ap-south-1.amazonaws.com/todo/cache:b15e9e36c7d44fdf5774e6945632600de645c78616fdfb2c0a10b9d38f220e20... 
[36mINFO[0m[0005] Using caching version of cmd: RUN apk add --no-cache gcc musl-dev libffi-dev openssl-dev 
[36mINFO[0m[0005] Using files from context: [/workspace/source/requirements.txt] 
[36mINFO[0m[0005] Checking for cached layer 685249416972.dkr.ecr.ap-south-1.amazonaws.com/todo/cache:1da109990fa5fc8b3043209dfa8606af7dbe152b2da53dbe7737d6600652b681... 
[36mINFO[0m[0005] Using caching version of cmd: RUN pip install -r requirements.txt 
[36mINFO[0m[0005] Using files from context: [/workspace/source] 
[36mINFO[0m[0005] cmd: EXPOSE                                  
[36mINFO[0m[0005] Adding exposed port: 5000/tcp                
[36mINFO[0m[0005] Skipping unpacking as no commands require it. 
[36mINFO[0m[0005] Taking snapshot of full filesystem...        
[36mINFO[0m[0005] RUN ping -c 2 dl-cdn.alpinelinux.org         
[36mINFO[0m[0005] Found cached layer, extracting to filesystem 
[36mINFO[0m[0005] No files changed in this command, skipping snapshotting. 
[36mINFO[0m[0005] RUN apk add --no-cache gcc musl-dev libffi-dev openssl-dev 
[36mINFO[0m[0005] Found cached layer, extracting to filesystem 
[36mINFO[0m[0008] Taking snapshot of files...                  
[36mINFO[0m[0011] Using files from context: [/workspace/source/requirements.txt] 
[36mINFO[0m[0011] COPY requirements.txt /src/                  
[36mINFO[0m[0011] Taking snapshot of files...                  
[36mINFO[0m[0011] WORKDIR /src/                                
[36mINFO[0m[0011] cmd: workdir                                 
[36mINFO[0m[0011] Changed working directory to /src            
[36mINFO[0m[0011] No files changed in this command, skipping snapshotting. 
[36mINFO[0m[0011] RUN pip install -r requirements.txt          
[36mINFO[0m[0011] Found cached layer, extracting to filesystem 
[36mINFO[0m[0013] Taking snapshot of files...                  
[36mINFO[0m[0016] Using files from context: [/workspace/source] 
[36mINFO[0m[0016] ADD . .                                      
[36mINFO[0m[0016] Taking snapshot of files...                  
[36mINFO[0m[0016] EXPOSE 5000                                  
[36mINFO[0m[0016] cmd: EXPOSE                                  
[36mINFO[0m[0016] Adding exposed port: 5000/tcp                
[36mINFO[0m[0016] No files changed in this command, skipping snapshotting. 
[36mINFO[0m[0016] CMD ["python","api.py"]                      
[36mINFO[0m[0016] No files changed in this command, skipping snapshotting. 
2020/03/06 07:06:48 existing blob: sha256:c9b1b535fdd91a9855fb7f82348177e5f019329a58c53c47272962dd60f71fc9
2020/03/06 07:06:48 existing blob: sha256:2cc5ad85d9abaadf23d5ae53c3f32e7ccb2df1956869980bfd2491ff396d348a
2020/03/06 07:06:48 existing blob: sha256:3ef3538413cf36eb442e6e05dc7f6da90954d86cfb2c443eb2b4db362969a9c4
2020/03/06 07:06:48 existing blob: sha256:e99c5e32063ef64bfc2b19c6a6523cad11be57217678b14b2f8f4d8deaff397b
2020/03/06 07:06:48 existing blob: sha256:ca9525f635d9d2cc40257e393bc815ab4dcc7c5e84e971dacbf52fa2f6d7119c
2020/03/06 07:06:48 pushed blob: sha256:aaedfb0d9102fbbe1e8fd10cff5d66a54c09ea44c9f6d4d0b9e1c3b2b518f513
2020/03/06 07:06:48 pushed blob: sha256:5bb73a243f664ace8bcbe9d87a244bbd6c3ee0c80303c62f2a62c38d199e4616
2020/03/06 07:06:49 pushed blob: sha256:7a9b73f0c2edce6b22a92fd775b64b1d7191fbab59ffc0167531fcf4800f03f8
2020/03/06 07:06:54 pushed blob: sha256:ee73a864113b809dbab89a831f7397b323001e2d55ad80325347462b70b1a2b8
2020/03/06 07:06:55 pushed blob: sha256:faa755fe7ad637d9ddbc6f13a3c145fa9345a7779f8721706d49d65eb1ecddc2
2020/03/06 07:06:55 685249416972.dkr.ecr.ap-south-1.amazonaws.com/vicky-socs/address:0.0.4: digest: sha256:9ccf5d0f5c482a59dc820c62ff2b5055168b86b89bb6cd9a70d8add7dabfc536 size: 1732

Showing logs for build [32mvicky-socs-address-master-lr2wv-4[0m stage [32mfrom-build-pack[0m and container [32mstep-build-post-build[0m
no CVE provider running in the current ** namespace so skip adding image to be analysed

Showing logs for build [32mvicky-socs-address-master-lr2wv-4[0m stage [32mfrom-build-pack[0m and container [32mstep-promote-changelog[0m
Converted /workspace/source/charts/address to an unshallow repository
Generating change log from git ref e4629659b2f561a5c0186ce350fa249cce62d0a7 => 2188473b3658e2702b867e681b65110b1bdff83b
WARNING: No release found for vicky-socs/address and tag v0.0.4 so creating a new release
Updated the release information at https://github.com/vicky-socs/address/releases/tag/v0.0.4
generated: /workspace/source/charts/address/templates/release.yaml
Created Release address-0-0-4 resource in namespace **
Updating PipelineActivity vicky-socs-address-master-4 with version 0.0.4
Updated PipelineActivities vicky-socs-address-master-4 with release notes URL: https://github.com/vicky-socs/address/releases/tag/v0.0.4

Showing logs for build [32mvicky-socs-address-master-lr2wv-4[0m stage [32mfrom-build-pack[0m and container [32mstep-promote-helm-release[0m
WARNING: No $CHART_REPOSITORY defined so using the default value of: http://jenkins-x-chartmuseum:8080
Adding missing Helm repo: storage.googleapis.com https://storage.googleapis.com/chartmuseum.jenkins-x.io
Successfully added Helm repository storage.googleapis.com.
Adding missing Helm repo: jenkins-x-chartmuseum http://jenkins-x-chartmuseum:8080
Successfully added Helm repository jenkins-x-chartmuseum.
WARNING: No $CHART_REPOSITORY defined so using the default value of: http://jenkins-x-chartmuseum:8080
Uploading chart file address-0.0.4.tgz to http://jenkins-x-chartmuseum:8080/api/charts
Received 201 response: {"saved":true}

Showing logs for build [32mvicky-socs-address-master-lr2wv-4[0m stage [32mfrom-build-pack[0m and container [32mstep-promote-jx-promote[0m
WARNING: prow based install so skip waiting for the merge of Pull Requests to go green as currently there is an issue with gettingstatuses from the PR, see https://github.com/jenkins-x/**/issues/2410
WARNING: No $CHART_REPOSITORY defined so using the default value of: http://jenkins-x-chartmuseum:8080
Promoting app address version 0.0.4 to namespace **-staging
WARNING: 
Created Pull Request: https://github.com/vicky-socs/environment-non-prod-cluster-staging/pull/4
Added label updatebot to Pull Request https://github.com/vicky-socs/environment-non-prod-cluster-staging/pull/4
got git provider status pending from PR https://github.com/vicky-socs/environment-non-prod-cluster-staging/pull/4
got git provider status pending from PR https://github.com/vicky-socs/environment-non-prod-cluster-staging/pull/4
got git provider status pending from PR https://github.com/vicky-socs/environment-non-prod-cluster-staging/pull/4
got git provider status pending from PR https://github.com/vicky-socs/environment-non-prod-cluster-staging/pull/4
Pull Request https://github.com/vicky-socs/environment-non-prod-cluster-staging/pull/4 is merged at sha 5a605c9ee945f49056e85cc1935a6557617cd1e4
Pull Request merged but we are not waiting for the update pipeline to complete!
WARNING: Could not find the service URL in namespace **-staging for names address, **-address, **-staging-address
